0 info it worked if it ends with ok
1 verbose cli [ '/Users/zhangoliver/.nvm/versions/node/v5.9.1/bin/node',
1 verbose cli   '/Users/zhangoliver/.nvm/versions/node/v5.9.1/bin/npm',
1 verbose cli   'install',
1 verbose cli   '-g',
1 verbose cli   'bower' ]
2 info using npm@3.7.3
3 info using node@v5.9.1
4 silly loadCurrentTree Starting
5 silly install loadCurrentTree
6 silly install readGlobalPackageData
7 silly fetchPackageMetaData bower
8 silly fetchNamedPackageData bower
9 silly mapToRegistry name bower
10 silly mapToRegistry using default registry
11 silly mapToRegistry registry https://registry.npmjs.org/
12 silly mapToRegistry uri https://registry.npmjs.org/bower
13 verbose request uri https://registry.npmjs.org/bower
14 verbose request no auth needed
15 info attempt registry request try #1 at 15:19:06
16 verbose request id d7ed54d72ceeba77
17 verbose etag "8ADQ965UYOJ0W5BDOIQWRGKBF"
18 http request GET https://registry.npmjs.org/bower
19 http 200 https://registry.npmjs.org/bower
20 verbose headers { server: 'CouchDB/1.5.0 (Erlang OTP/R16B03)',
20 verbose headers   etag: '"7EYHE4E0SXDJ3PAICMHRFRQ5X"',
20 verbose headers   'content-type': 'application/json',
20 verbose headers   'content-encoding': 'gzip',
20 verbose headers   'cache-control': 'max-age=300',
20 verbose headers   'content-length': '20362',
20 verbose headers   'accept-ranges': 'bytes',
20 verbose headers   date: 'Fri, 22 Apr 2016 07:19:08 GMT',
20 verbose headers   via: '1.1 varnish',
20 verbose headers   age: '267',
20 verbose headers   connection: 'keep-alive',
20 verbose headers   'x-served-by': 'cache-nrt6126-NRT',
20 verbose headers   'x-cache': 'HIT',
20 verbose headers   'x-cache-hits': '3',
20 verbose headers   'x-timer': 'S1461309548.864905,VS0,VE0',
20 verbose headers   vary: 'Accept-Encoding' }
21 silly get cb [ 200,
21 silly get   { server: 'CouchDB/1.5.0 (Erlang OTP/R16B03)',
21 silly get     etag: '"7EYHE4E0SXDJ3PAICMHRFRQ5X"',
21 silly get     'content-type': 'application/json',
21 silly get     'content-encoding': 'gzip',
21 silly get     'cache-control': 'max-age=300',
21 silly get     'content-length': '20362',
21 silly get     'accept-ranges': 'bytes',
21 silly get     date: 'Fri, 22 Apr 2016 07:19:08 GMT',
21 silly get     via: '1.1 varnish',
21 silly get     age: '267',
21 silly get     connection: 'keep-alive',
21 silly get     'x-served-by': 'cache-nrt6126-NRT',
21 silly get     'x-cache': 'HIT',
21 silly get     'x-cache-hits': '3',
21 silly get     'x-timer': 'S1461309548.864905,VS0,VE0',
21 silly get     vary: 'Accept-Encoding' } ]
22 verbose get saving bower to /Users/zhangoliver/.npm/registry.npmjs.org/bower/.cache.json
23 verbose correctMkdir /Users/zhangoliver/.npm correctMkdir not in flight; initializing
24 silly install normalizeTree
25 silly loadCurrentTree Finishing
26 silly loadIdealTree Starting
27 silly install loadIdealTree
28 silly cloneCurrentTree Starting
29 silly install cloneCurrentTreeToIdealTree
30 silly cloneCurrentTree Finishing
31 silly loadShrinkwrap Starting
32 silly install loadShrinkwrap
33 silly loadShrinkwrap Finishing
34 silly loadAllDepsIntoIdealTree Starting
35 silly install loadAllDepsIntoIdealTree
36 silly resolveWithNewModule bower@1.7.9 checking installable status
37 silly cache add args [ 'bower', null ]
38 verbose cache add spec bower
39 silly cache add parsed spec Result {
39 silly cache add   raw: 'bower',
39 silly cache add   scope: null,
39 silly cache add   name: 'bower',
39 silly cache add   rawSpec: '',
39 silly cache add   spec: 'latest',
39 silly cache add   type: 'tag' }
40 silly addNamed bower@latest
41 verbose addNamed "latest" is being treated as a dist-tag for bower
42 info addNameTag [ 'bower', 'latest' ]
43 silly mapToRegistry name bower
44 silly mapToRegistry using default registry
45 silly mapToRegistry registry https://registry.npmjs.org/
46 silly mapToRegistry uri https://registry.npmjs.org/bower
47 verbose addNameTag registry:https://registry.npmjs.org/bower not in flight; fetching
48 verbose get https://registry.npmjs.org/bower not expired, no request
49 silly addNameTag next cb for bower with tag latest
50 silly addNamed bower@1.7.9
51 verbose addNamed "1.7.9" is a plain semver version for bower
52 silly mapToRegistry name bower
53 silly mapToRegistry using default registry
54 silly mapToRegistry registry https://registry.npmjs.org/
55 silly mapToRegistry uri https://registry.npmjs.org/bower
56 verbose addRemoteTarball https://registry.npmjs.org/bower/-/bower-1.7.9.tgz not in flight; adding
57 verbose addRemoteTarball [ 'https://registry.npmjs.org/bower/-/bower-1.7.9.tgz',
57 verbose addRemoteTarball   'b7296c2393e0d75edaa6ca39648132dd255812b0' ]
58 info retry fetch attempt 1 at 15:19:09
59 info attempt registry request try #1 at 15:19:09
60 http fetch GET https://registry.npmjs.org/bower/-/bower-1.7.9.tgz
61 http fetch 200 https://registry.npmjs.org/bower/-/bower-1.7.9.tgz
62 silly fetchAndShaCheck shasum b7296c2393e0d75edaa6ca39648132dd255812b0
63 verbose addTmpTarball /var/folders/nq/8kz7ql6x2nn3b4b_3j5f30ww0000gn/T/npm-14898-50603761/registry.npmjs.org/bower/-/bower-1.7.9.tgz not in flight; adding
64 verbose addTmpTarball already have metadata; skipping unpack for bower@1.7.9
65 verbose correctMkdir /Users/zhangoliver/.npm correctMkdir not in flight; initializing
66 silly cache afterAdd bower@1.7.9
67 verbose afterAdd /Users/zhangoliver/.npm/bower/1.7.9/package/package.json not in flight; writing
68 verbose correctMkdir /Users/zhangoliver/.npm correctMkdir not in flight; initializing
69 verbose afterAdd /Users/zhangoliver/.npm/bower/1.7.9/package/package.json written
70 silly loadAllDepsIntoIdealTree Finishing
71 silly idealTree:prePrune lib
71 silly idealTree:prePrune └── bower@1.7.9
72 silly loadIdealTree Finishing
73 silly currentTree lib
73 silly currentTree └── bower@1.7.7
74 silly idealTree lib
74 silly idealTree └── bower@1.7.9
75 silly generateActionsToTake Starting
76 silly install generateActionsToTake
77 warn checkPermissions Missing write access to /Users/zhangoliver/.nvm/versions/node/v5.9.1/lib/node_modules/bower
78 silly rollbackFailedOptional Starting
79 silly rollbackFailedOptional Finishing
80 silly runTopLevelLifecycles Starting
81 silly runTopLevelLifecycles Finishing
82 silly install printInstalled
83 verbose stack Error: EACCES: permission denied, access '/Users/zhangoliver/.nvm/versions/node/v5.9.1/lib/node_modules/bower'
83 verbose stack     at Error (native)
84 verbose cwd /Users/zhangoliver/sandbox/playground
85 error Darwin 15.4.0
86 error argv "/Users/zhangoliver/.nvm/versions/node/v5.9.1/bin/node" "/Users/zhangoliver/.nvm/versions/node/v5.9.1/bin/npm" "install" "-g" "bower"
87 error node v5.9.1
88 error npm  v3.7.3
89 error path /Users/zhangoliver/.nvm/versions/node/v5.9.1/lib/node_modules/bower
90 error code EACCES
91 error errno -13
92 error syscall access
93 error Error: EACCES: permission denied, access '/Users/zhangoliver/.nvm/versions/node/v5.9.1/lib/node_modules/bower'
93 error     at Error (native)
93 error  { [Error: EACCES: permission denied, access '/Users/zhangoliver/.nvm/versions/node/v5.9.1/lib/node_modules/bower']
93 error   errno: -13,
93 error   code: 'EACCES',
93 error   syscall: 'access',
93 error   path: '/Users/zhangoliver/.nvm/versions/node/v5.9.1/lib/node_modules/bower' }
94 error Please try running this command again as root/Administrator.
95 verbose exit [ -13, true ]
